This file contains any messages produced by compilers while
running configure, to aid debugging if configure makes a mistake.

It was created by Torc-Lite configure 0.1a, which was
generated by GNU Autoconf 2.69.  Invocation command line was

  $ ./configure CC=mpicc --prefix=/Users/lipkova 1/usr/torc

## --------- ##
## Platform. ##
## --------- ##

hostname = Jana-2.local
uname -m = x86_64
uname -r = 14.5.0
uname -s = Darwin
uname -v = Darwin Kernel Version 14.5.0: Sun Sep 25 22:07:15 PDT 2016; root:xnu-2782.50.9~1/RELEASE_X86_64

/usr/bin/uname -p = i386
/bin/uname -X     = unknown

/bin/arch              = unknown
/usr/bin/arch -k       = unknown
/usr/convex/getsysinfo = unknown
/usr/bin/hostinfo      = Mach kernel version:
	 Darwin Kernel Version 14.5.0: Sun Sep 25 22:07:15 PDT 2016; root:xnu-2782.50.9~1/RELEASE_X86_64
Kernel configured for up to 4 processors.
2 processors are physically available.
4 processors are logically available.
Processor type: x86_64h (Intel x86-64h Haswell)
Processors active: 0 1 2 3
Primary memory available: 16.00 gigabytes
Default processor set: 243 tasks, 1124 threads, 4 processors
Load average: 1.71, Mach factor: 2.27
/bin/machine           = unknown
/usr/bin/oslevel       = unknown
/bin/universe          = unknown

PATH: /Users/lipkova 1/usr/torc/bin
PATH: /opt/local/bin
PATH: /opt/local/sbin
PATH: /usr/local/bin
PATH: /opt/local/bin
PATH: /opt/local/sbin
PATH: /usr/local/bin
PATH: /usr/bin
PATH: /bin
PATH: /usr/sbin
PATH: /sbin
PATH: /opt/X11/bin
PATH: /Library/TeX/texbin
PATH: /Users/lipkova 1/software/Ants/antsbin/bin/
PATH: /Users/lipkova 1/software/NiftyReg/niftyreg_install/bin
PATH: /Applications/MATLAB_R2016a.app/bin


## ----------- ##
## Core tests. ##
## ----------- ##

configure:2278: checking build system type
configure:2292: result: x86_64-apple-darwin14.5.0
configure:2312: checking host system type
configure:2325: result: x86_64-apple-darwin14.5.0
configure:2345: checking target system type
configure:2358: result: x86_64-apple-darwin14.5.0
configure:2404: checking for a BSD-compatible install
configure:2472: result: /usr/bin/install -c
configure:2483: checking whether build environment is sane
configure:2538: result: yes
configure:2689: checking for a thread-safe mkdir -p
configure:2728: result: auxdir/install-sh -c -d
configure:2735: checking for gawk
configure:2765: result: no
configure:2735: checking for mawk
configure:2765: result: no
configure:2735: checking for nawk
configure:2765: result: no
configure:2735: checking for awk
configure:2751: found /usr/bin/awk
configure:2762: result: awk
configure:2773: checking whether make sets $(MAKE)
configure:2795: result: yes
configure:2824: checking whether make supports nested variables
configure:2841: result: yes
configure:3038: checking for C compiler version
configure:3047: mpicc --version >&5
Apple LLVM version 6.1.0 (clang-602.0.53) (based on LLVM 3.6.0svn)
Target: x86_64-apple-darwin14.5.0
Thread model: posix
configure:3058: $? = 0
configure:3047: mpicc -v >&5
Apple LLVM version 6.1.0 (clang-602.0.53) (based on LLVM 3.6.0svn)
Target: x86_64-apple-darwin14.5.0
Thread model: posix
configure:3058: $? = 0
configure:3047: mpicc -V >&5
clang: error: argument to '-V' is missing (expected 1 value)
clang: error: no input files
configure:3058: $? = 1
configure:3047: mpicc -qversion >&5
clang: error: unknown argument: '-qversion'
clang: error: no input files
configure:3058: $? = 1
configure:3078: checking whether the C compiler works
configure:3100: mpicc    conftest.c  >&5
configure:3104: $? = 0
configure:3152: result: yes
configure:3155: checking for C compiler default output file name
configure:3157: result: a.out
configure:3163: checking for suffix of executables
configure:3170: mpicc -o conftest    conftest.c  >&5
configure:3174: $? = 0
configure:3196: result: 
configure:3218: checking whether we are cross compiling
configure:3226: mpicc -o conftest    conftest.c  >&5
configure:3230: $? = 0
configure:3237: ./conftest
configure:3241: $? = 0
configure:3256: result: no
configure:3261: checking for suffix of object files
configure:3283: mpicc -c   conftest.c >&5
configure:3287: $? = 0
configure:3308: result: o
configure:3312: checking whether we are using the GNU C compiler
configure:3331: mpicc -c   conftest.c >&5
configure:3331: $? = 0
configure:3340: result: yes
configure:3349: checking whether mpicc accepts -g
configure:3369: mpicc -c -g  conftest.c >&5
configure:3369: $? = 0
configure:3410: result: yes
configure:3427: checking for mpicc option to accept ISO C89
configure:3490: mpicc  -c -g -O2  conftest.c >&5
configure:3490: $? = 0
configure:3503: result: none needed
configure:3534: checking for style of include used by make
configure:3562: result: GNU
configure:3588: checking dependency style of mpicc
configure:3699: result: gcc3
configure:3767: checking for mpif90
configure:3783: found /opt/local/bin/mpif90
configure:3794: result: mpif90
configure:3820: checking for Fortran 77 compiler version
configure:3829: mpif90 --version >&5
GNU Fortran (MacPorts gcc48 4.8.5_3) 4.8.5
Copyright (C) 2015 Free Software Foundation, Inc.

GNU Fortran comes with NO WARRANTY, to the extent permitted by law.
You may redistribute copies of GNU Fortran
under the terms of the GNU General Public License.
For more information about these matters, see the file named COPYING

configure:3840: $? = 0
configure:3829: mpif90 -v >&5
Using built-in specs.
COLLECT_GCC=/opt/local/bin/gfortran-mp-4.8
COLLECT_LTO_WRAPPER=/opt/local/libexec/gcc/x86_64-apple-darwin14/4.8.5/lto-wrapper
Target: x86_64-apple-darwin14
Configured with: /opt/local/var/macports/build/_opt_bblocal_var_buildworker_ports_build_ports_lang_gcc48/gcc48/work/gcc-4.8.5/configure --prefix=/opt/local --build=x86_64-apple-darwin14 --enable-languages=c,c++,objc,obj-c++,lto,fortran,java --libdir=/opt/local/lib/gcc48 --includedir=/opt/local/include/gcc48 --infodir=/opt/local/share/info --mandir=/opt/local/share/man --datarootdir=/opt/local/share/gcc-4.8 --with-local-prefix=/opt/local --with-system-zlib --disable-nls --program-suffix=-mp-4.8 --with-gxx-include-dir=/opt/local/include/gcc48/c++/ --with-gmp=/opt/local --with-mpfr=/opt/local --with-mpc=/opt/local --with-isl=/opt/local/libexec/isl14 --disable-isl-version-check --with-cloog=/opt/local --disable-cloog-version-check --enable-stage1-checking --disable-multilib --enable-lto --enable-libstdcxx-time --with-build-config=bootstrap-debug --with-as=/opt/local/bin/as --with-ld=/opt/local/bin/ld --with-ar=/opt/local/bin/ar --with-bugurl=https://trac.macports.org/newticket --disable-tls --with-pkgversion='MacPorts gcc48 4.8.5_3' --with-build-config=bootstrap-debug
Thread model: posix
gcc version 4.8.5 (MacPorts gcc48 4.8.5_3) 
configure:3840: $? = 0
configure:3829: mpif90 -V >&5
gfortran-mp-4.8: error: unrecognized command line option '-V'
gfortran-mp-4.8: fatal error: no input files
compilation terminated.
configure:3840: $? = 1
configure:3829: mpif90 -qversion >&5
gfortran-mp-4.8: error: unrecognized command line option '-qversion'
gfortran-mp-4.8: fatal error: no input files
compilation terminated.
configure:3840: $? = 1
configure:3849: checking whether we are using the GNU Fortran 77 compiler
configure:3862: mpif90 -c  conftest.F >&5
configure:3862: $? = 0
configure:3871: result: yes
configure:3877: checking whether mpif90 accepts -g
configure:3888: mpif90 -c -g conftest.f >&5
configure:3888: $? = 0
configure:3896: result: yes
configure:3937: checking how to run the C preprocessor
configure:3968: mpicc -E  conftest.c
configure:3968: $? = 0
configure:3982: mpicc -E  conftest.c
conftest.c:11:10: fatal error: 'ac_nonexistent.h' file not found
#include <ac_nonexistent.h>
         ^
1 error generated.
configure:3982: $? = 1
configure: failed program was:
| /* confdefs.h */
| #define PACKAGE_NAME "Torc-Lite"
| #define PACKAGE_TARNAME "Torc-Lite"
| #define PACKAGE_VERSION "0.1a"
| #define PACKAGE_STRING "Torc-Lite 0.1a"
| #define PACKAGE_BUGREPORT ""
| #define PACKAGE_URL ""
| #define PACKAGE "Torc-Lite"
| #define VERSION "0.1a"
| /* end confdefs.h.  */
| #include <ac_nonexistent.h>
configure:4007: result: mpicc -E
configure:4027: mpicc -E  conftest.c
configure:4027: $? = 0
configure:4041: mpicc -E  conftest.c
conftest.c:11:10: fatal error: 'ac_nonexistent.h' file not found
#include <ac_nonexistent.h>
         ^
1 error generated.
configure:4041: $? = 1
configure: failed program was:
| /* confdefs.h */
| #define PACKAGE_NAME "Torc-Lite"
| #define PACKAGE_TARNAME "Torc-Lite"
| #define PACKAGE_VERSION "0.1a"
| #define PACKAGE_STRING "Torc-Lite 0.1a"
| #define PACKAGE_BUGREPORT ""
| #define PACKAGE_URL ""
| #define PACKAGE "Torc-Lite"
| #define VERSION "0.1a"
| /* end confdefs.h.  */
| #include <ac_nonexistent.h>
configure:4070: checking whether make sets $(MAKE)
configure:4092: result: yes
configure:4144: checking for ranlib
configure:4160: found /opt/local/bin/ranlib
configure:4171: result: ranlib
configure:4202: checking dependency style of mpicc
configure:4311: result: gcc3
configure:4332: checking how to get verbose linking output from mpif90
configure:4342: mpif90 -c -g -O2 conftest.f >&5
configure:4342: $? = 0
configure:4360: mpif90 -o conftest -g -O2 -v conftest.f
Using built-in specs.
Target: x86_64-apple-darwin14
Thread model: posix
gcc version 4.8.5 (MacPorts gcc48 4.8.5_3) 
 /opt/local/libexec/gcc/x86_64-apple-darwin14/4.8.5/f951 conftest.f -ffixed-form -I /opt/local/include/openmpi-mp -I /opt/local/lib/openmpi-mp -fPIC -feliminate-unused-debug-symbols -quiet -dumpbase conftest.f -mmacosx-version-min=10.10.5 -mtune=core2 -auxbase conftest -g -O2 -version -fintrinsic-modules-path /opt/local/lib/gcc48/gcc/x86_64-apple-darwin14/4.8.5/finclude -o /var/folders/ym/tvl2l_tn3_z2cc7l4_pmjsfw0000gn/T//ccaLrlqE.s
GNU Fortran (MacPorts gcc48 4.8.5_3) version 4.8.5 (x86_64-apple-darwin14)
	compiled by GNU C version 4.8.5, GMP version 6.1.2, MPFR version 4.0.1, MPC version 1.1.0
GGC heuristics: --param ggc-min-expand=100 --param ggc-min-heapsize=131072
GNU Fortran (MacPorts gcc48 4.8.5_3) version 4.8.5 (x86_64-apple-darwin14)
	compiled by GNU C version 4.8.5, GMP version 6.1.2, MPFR version 4.0.1, MPC version 1.1.0
GGC heuristics: --param ggc-min-expand=100 --param ggc-min-heapsize=131072
 /opt/local/bin/as -v -I /opt/local/include/openmpi-mp -I /opt/local/lib/openmpi-mp -arch x86_64 -force_cpusubtype_ALL -o /var/folders/ym/tvl2l_tn3_z2cc7l4_pmjsfw0000gn/T//ccO1qtYF.o /var/folders/ym/tvl2l_tn3_z2cc7l4_pmjsfw0000gn/T//ccaLrlqE.s
Apple Inc version cctools-895, GNU assembler version 1.38
Reading specs from /opt/local/lib/gcc48/gcc/x86_64-apple-darwin14/4.8.5/../../../libgfortran.spec
rename spec lib to liborig
 /opt/local/libexec/gcc/x86_64-apple-darwin14/4.8.5/collect2 -dynamic -arch x86_64 -macosx_version_min 10.10.5 -weak_reference_mismatches non-weak -o conftest -L/opt/local/lib -L/opt/local/lib/openmpi-mp -L/opt/local/lib/gcc48/gcc/x86_64-apple-darwin14/4.8.5 -L/opt/local/lib/gcc48/gcc/x86_64-apple-darwin14/4.8.5/../../.. /var/folders/ym/tvl2l_tn3_z2cc7l4_pmjsfw0000gn/T//ccO1qtYF.o -flat_namespace -commons use_dylibs -lmpi_usempi -lmpi_mpifh -lmpi -lgfortran -no_compact_unwind -lSystem -lgcc_ext.10.5 -lgcc -lquadmath -lm -lgcc_ext.10.5 -lgcc -lSystem -v -idsym -dsym
collect2 version 4.8.5
/opt/local/bin/ld -dynamic -arch x86_64 -macosx_version_min 10.10.5 -weak_reference_mismatches non-weak -o conftest -L/opt/local/lib -L/opt/local/lib/openmpi-mp -L/opt/local/lib/gcc48/gcc/x86_64-apple-darwin14/4.8.5 -L/opt/local/lib/gcc48/gcc/x86_64-apple-darwin14/4.8.5/../../.. /var/folders/ym/tvl2l_tn3_z2cc7l4_pmjsfw0000gn/T//ccO1qtYF.o -flat_namespace -commons use_dylibs -lmpi_usempi -lmpi_mpifh -lmpi -lgfortran -no_compact_unwind -lSystem -lgcc_ext.10.5 -lgcc -lquadmath -lm -lgcc_ext.10.5 -lgcc -lSystem -v
@(#)PROGRAM:ld  PROJECT:ld64-274.2
configured to support archs: i386 x86_64 x86_64h armv6 armv7 armv7s armv7m armv7k arm64 (tvOS)
Library search paths:
	/opt/local/lib
	/opt/local/lib/openmpi-mp
	/opt/local/lib/gcc48/gcc/x86_64-apple-darwin14/4.8.5
	/opt/local/lib/gcc48
	/usr/lib
	/usr/local/lib
Framework search paths:
	/Library/Frameworks/
	/System/Library/Frameworks/
dsymutil conftest
configure:4443: result: -v
configure:4445: checking for Fortran 77 libraries of mpif90
configure:4468: mpif90 -o conftest -g -O2 -v conftest.f
Using built-in specs.
Target: x86_64-apple-darwin14
Thread model: posix
gcc version 4.8.5 (MacPorts gcc48 4.8.5_3) 
 /opt/local/libexec/gcc/x86_64-apple-darwin14/4.8.5/f951 conftest.f -ffixed-form -I /opt/local/include/openmpi-mp -I /opt/local/lib/openmpi-mp -fPIC -feliminate-unused-debug-symbols -quiet -dumpbase conftest.f -mmacosx-version-min=10.10.5 -mtune=core2 -auxbase conftest -g -O2 -version -fintrinsic-modules-path /opt/local/lib/gcc48/gcc/x86_64-apple-darwin14/4.8.5/finclude -o /var/folders/ym/tvl2l_tn3_z2cc7l4_pmjsfw0000gn/T//ccKuPskq.s
GNU Fortran (MacPorts gcc48 4.8.5_3) version 4.8.5 (x86_64-apple-darwin14)
	compiled by GNU C version 4.8.5, GMP version 6.1.2, MPFR version 4.0.1, MPC version 1.1.0
GGC heuristics: --param ggc-min-expand=100 --param ggc-min-heapsize=131072
GNU Fortran (MacPorts gcc48 4.8.5_3) version 4.8.5 (x86_64-apple-darwin14)
	compiled by GNU C version 4.8.5, GMP version 6.1.2, MPFR version 4.0.1, MPC version 1.1.0
GGC heuristics: --param ggc-min-expand=100 --param ggc-min-heapsize=131072
 /opt/local/bin/as -v -I /opt/local/include/openmpi-mp -I /opt/local/lib/openmpi-mp -arch x86_64 -force_cpusubtype_ALL -o /var/folders/ym/tvl2l_tn3_z2cc7l4_pmjsfw0000gn/T//ccqpcVFO.o /var/folders/ym/tvl2l_tn3_z2cc7l4_pmjsfw0000gn/T//ccKuPskq.s
Apple Inc version cctools-895, GNU assembler version 1.38
Reading specs from /opt/local/lib/gcc48/gcc/x86_64-apple-darwin14/4.8.5/../../../libgfortran.spec
rename spec lib to liborig
 /opt/local/libexec/gcc/x86_64-apple-darwin14/4.8.5/collect2 -dynamic -arch x86_64 -macosx_version_min 10.10.5 -weak_reference_mismatches non-weak -o conftest -L/opt/local/lib -L/opt/local/lib/openmpi-mp -L/opt/local/lib/gcc48/gcc/x86_64-apple-darwin14/4.8.5 -L/opt/local/lib/gcc48/gcc/x86_64-apple-darwin14/4.8.5/../../.. /var/folders/ym/tvl2l_tn3_z2cc7l4_pmjsfw0000gn/T//ccqpcVFO.o -flat_namespace -commons use_dylibs -lmpi_usempi -lmpi_mpifh -lmpi -lgfortran -no_compact_unwind -lSystem -lgcc_ext.10.5 -lgcc -lquadmath -lm -lgcc_ext.10.5 -lgcc -lSystem -v -idsym -dsym
collect2 version 4.8.5
/opt/local/bin/ld -dynamic -arch x86_64 -macosx_version_min 10.10.5 -weak_reference_mismatches non-weak -o conftest -L/opt/local/lib -L/opt/local/lib/openmpi-mp -L/opt/local/lib/gcc48/gcc/x86_64-apple-darwin14/4.8.5 -L/opt/local/lib/gcc48/gcc/x86_64-apple-darwin14/4.8.5/../../.. /var/folders/ym/tvl2l_tn3_z2cc7l4_pmjsfw0000gn/T//ccqpcVFO.o -flat_namespace -commons use_dylibs -lmpi_usempi -lmpi_mpifh -lmpi -lgfortran -no_compact_unwind -lSystem -lgcc_ext.10.5 -lgcc -lquadmath -lm -lgcc_ext.10.5 -lgcc -lSystem -v
@(#)PROGRAM:ld  PROJECT:ld64-274.2
configured to support archs: i386 x86_64 x86_64h armv6 armv7 armv7s armv7m armv7k arm64 (tvOS)
Library search paths:
	/opt/local/lib
	/opt/local/lib/openmpi-mp
	/opt/local/lib/gcc48/gcc/x86_64-apple-darwin14/4.8.5
	/opt/local/lib/gcc48
	/usr/lib
	/usr/local/lib
Framework search paths:
	/Library/Frameworks/
	/System/Library/Frameworks/
dsymutil conftest
configure:4664: result:  -L/opt/local/lib -L/opt/local/lib/openmpi-mp -L/opt/local/lib/gcc48/gcc/x86_64-apple-darwin14/4.8.5 -L/opt/local/lib/gcc48/gcc/x86_64-apple-darwin14/4.8.5/../../.. -lmpi_usempi -lmpi_mpifh -lmpi -lgfortran -lquadmath -lm
configure:4681: checking for dummy main to link with Fortran 77 libraries
configure:4715: mpicc -o conftest -g -O2   conftest.c   -L/opt/local/lib -L/opt/local/lib/openmpi-mp -L/opt/local/lib/gcc48/gcc/x86_64-apple-darwin14/4.8.5 -L/opt/local/lib/gcc48/gcc/x86_64-apple-darwin14/4.8.5/../../.. -lmpi_usempi -lmpi_mpifh -lmpi -lgfortran -lquadmath -lm >&5
configure:4715: $? = 0
configure:4760: result: none
configure:4793: checking for Fortran 77 name-mangling scheme
configure:4806: mpif90 -c -g -O2 conftest.f >&5
configure:4806: $? = 0
configure:4847: mpicc -o conftest -g -O2   conftest.c cfortran_test.o   -L/opt/local/lib -L/opt/local/lib/openmpi-mp -L/opt/local/lib/gcc48/gcc/x86_64-apple-darwin14/4.8.5 -L/opt/local/lib/gcc48/gcc/x86_64-apple-darwin14/4.8.5/../../.. -lmpi_usempi -lmpi_mpifh -lmpi -lgfortran -lquadmath -lm >&5
Undefined symbols for architecture x86_64:
  "_foobar", referenced from:
      _main in conftest-86ff48.o
     (maybe you meant: _foobar_)
ld: symbol(s) not found for architecture x86_64
clang: error: linker command failed with exit code 1 (use -v to see invocation)
configure:4847: $? = 1
configure: failed program was:
| /* confdefs.h */
| #define PACKAGE_NAME "Torc-Lite"
| #define PACKAGE_TARNAME "Torc-Lite"
| #define PACKAGE_VERSION "0.1a"
| #define PACKAGE_STRING "Torc-Lite 0.1a"
| #define PACKAGE_BUGREPORT ""
| #define PACKAGE_URL ""
| #define PACKAGE "Torc-Lite"
| #define VERSION "0.1a"
| /* end confdefs.h.  */
| 
| /* Override any GCC internal prototype to avoid an error.
|    Use char because int might match the return type of a GCC
|    builtin and then its argument prototype would still apply.  */
| #ifdef __cplusplus
| extern "C"
| #endif
| char foobar ();
| #ifdef F77_DUMMY_MAIN
| 
| #  ifdef __cplusplus
|      extern "C"
| #  endif
|    int F77_DUMMY_MAIN() { return 1; }
| 
| #endif
| int
| main ()
| {
| return foobar ();
|   ;
|   return 0;
| }
configure:4847: mpicc -o conftest -g -O2   conftest.c cfortran_test.o   -L/opt/local/lib -L/opt/local/lib/openmpi-mp -L/opt/local/lib/gcc48/gcc/x86_64-apple-darwin14/4.8.5 -L/opt/local/lib/gcc48/gcc/x86_64-apple-darwin14/4.8.5/../../.. -lmpi_usempi -lmpi_mpifh -lmpi -lgfortran -lquadmath -lm >&5
configure:4847: $? = 0
configure:4905: mpicc -o conftest -g -O2   conftest.c cfortran_test.o   -L/opt/local/lib -L/opt/local/lib/openmpi-mp -L/opt/local/lib/gcc48/gcc/x86_64-apple-darwin14/4.8.5 -L/opt/local/lib/gcc48/gcc/x86_64-apple-darwin14/4.8.5/../../.. -lmpi_usempi -lmpi_mpifh -lmpi -lgfortran -lquadmath -lm >&5
configure:4905: $? = 0
configure:4947: result: lower case, underscore, no extra underscore
configure:5018: CPPFLAGS= -D_REENTRANT  
configure:5025: CPPFLAGS= -D_REENTRANT   -D_REENTRANT  
configure:5033: checking for grep that handles long lines and -e
configure:5091: result: /usr/bin/grep
configure:5096: checking for egrep
configure:5158: result: /usr/bin/grep -E
configure:5163: checking for ANSI C header files
configure:5191: mpicc -c -g -O2  -D_REENTRANT   -D_REENTRANT   conftest.c >&5
configure:5191: $? = 0
configure:5264: mpicc -o conftest -g -O2  -D_REENTRANT   -D_REENTRANT    conftest.c  >&5
configure:5264: $? = 0
configure:5264: ./conftest
configure:5264: $? = 0
configure:5275: result: yes
configure:5288: checking for sys/types.h
configure:5288: mpicc -c -g -O2  -D_REENTRANT   -D_REENTRANT   conftest.c >&5
configure:5288: $? = 0
configure:5288: result: yes
configure:5288: checking for sys/stat.h
configure:5288: mpicc -c -g -O2  -D_REENTRANT   -D_REENTRANT   conftest.c >&5
configure:5288: $? = 0
configure:5288: result: yes
configure:5288: checking for stdlib.h
configure:5288: mpicc -c -g -O2  -D_REENTRANT   -D_REENTRANT   conftest.c >&5
configure:5288: $? = 0
configure:5288: result: yes
configure:5288: checking for string.h
configure:5288: mpicc -c -g -O2  -D_REENTRANT   -D_REENTRANT   conftest.c >&5
configure:5288: $? = 0
configure:5288: result: yes
configure:5288: checking for memory.h
configure:5288: mpicc -c -g -O2  -D_REENTRANT   -D_REENTRANT   conftest.c >&5
configure:5288: $? = 0
configure:5288: result: yes
configure:5288: checking for strings.h
configure:5288: mpicc -c -g -O2  -D_REENTRANT   -D_REENTRANT   conftest.c >&5
configure:5288: $? = 0
configure:5288: result: yes
configure:5288: checking for inttypes.h
configure:5288: mpicc -c -g -O2  -D_REENTRANT   -D_REENTRANT   conftest.c >&5
configure:5288: $? = 0
configure:5288: result: yes
configure:5288: checking for stdint.h
configure:5288: mpicc -c -g -O2  -D_REENTRANT   -D_REENTRANT   conftest.c >&5
configure:5288: $? = 0
configure:5288: result: yes
configure:5288: checking for unistd.h
configure:5288: mpicc -c -g -O2  -D_REENTRANT   -D_REENTRANT   conftest.c >&5
configure:5288: $? = 0
configure:5288: result: yes
configure:5302: checking pthread.h usability
configure:5302: mpicc -c -g -O2  -D_REENTRANT   -D_REENTRANT   conftest.c >&5
configure:5302: $? = 0
configure:5302: result: yes
configure:5302: checking pthread.h presence
configure:5302: mpicc -E  -D_REENTRANT   -D_REENTRANT   conftest.c
configure:5302: $? = 0
configure:5302: result: yes
configure:5302: checking for pthread.h
configure:5302: result: yes
configure:5326: checking for sched_yield
configure:5326: mpicc -o conftest -g -O2  -D_REENTRANT   -D_REENTRANT    conftest.c  >&5
configure:5326: $? = 0
configure:5326: result: yes
configure:5419: posix synchronization method not defined - using default (mutex_try)
configure:5428: checking for usable pthread_mutex_t
configure:5455: mpicc -c -g -O2  -D_REENTRANT   -D_REENTRANT   conftest.c >&5
configure:5455: $? = 0
configure:5464: result: yes
configure:5591: checking for default cache line size
configure:5703: mpicc -o conftest -g -O2  -D_REENTRANT   -D_REENTRANT    conftest.c  >&5
conftest.c:99:5: error: second parameter of 'main' (argument array) must be of type 'char **'
int main(int argc, char *argv) {
    ^
conftest.c:103:3: warning: implicitly declaring library function 'exit' with type 'void (int) __attribute__((noreturn))'
                exit(1);
                ^
conftest.c:103:3: note: include the header <stdlib.h> or explicitly provide a declaration for 'exit'
1 warning and 1 error generated.
configure:5703: $? = 1
configure: program exited with status 1
configure: failed program was:
| /* confdefs.h */
| #define PACKAGE_NAME "Torc-Lite"
| #define PACKAGE_TARNAME "Torc-Lite"
| #define PACKAGE_VERSION "0.1a"
| #define PACKAGE_STRING "Torc-Lite 0.1a"
| #define PACKAGE_BUGREPORT ""
| #define PACKAGE_URL ""
| #define PACKAGE "Torc-Lite"
| #define VERSION "0.1a"
| #define F77_FUNC(name,NAME) name ## _
| #define F77_FUNC_(name,NAME) name ## _
| #define STDC_HEADERS 1
| #define HAVE_SYS_TYPES_H 1
| #define HAVE_SYS_STAT_H 1
| #define HAVE_STDLIB_H 1
| #define HAVE_STRING_H 1
| #define HAVE_MEMORY_H 1
| #define HAVE_STRINGS_H 1
| #define HAVE_INTTYPES_H 1
| #define HAVE_STDINT_H 1
| #define HAVE_UNISTD_H 1
| #define HAVE_PTHREAD_H 1
| #define HAVE_SCHED_YIELD 1
| /* end confdefs.h.  */
| 
| 
| /* Borrowed from OMPi (lib/sysdeps.h) */
| #include <stdio.h>
| 
| /*
|  * Processors
|  */
| #if defined(pentium4) || defined(__pentium4)
|   #define __cpu_x86 686
| #elif defined(i686) || defined(__i686) ||     defined(pentiumpro) || defined(__pentiumpro) ||     defined(pentium2) || defined(__pentium2) ||     defined(pentium3) || defined(__pentium3)
|   #define __cpu_x86 686
|   #define __cpu_686_class p6       /* Only used for CACHE_LINE size */
| #elif defined(i586) || defined(__i586) || defined(pentium) || defined(__pentium)
|   #define __cpu_x86 586
| #elif defined(i486) || defined(__i486)
|   #define __cpu_x86 486
| #elif defined(i386) || defined(__i386)
|   #define __cpu_x86 386
| #endif
| 
| #if defined(sparcv9) || defined(__sparcv9)
|   #define __cpu_sparc v9
| #elif defined(sparc) || defined(__sparc)
|   #define __cpu_sparc v8
| #endif
| 
| #if defined(mips) || defined(__mips)
|   #define __cpu_mips 1
| #endif
| 
| /*
|  * CACHE_LINE size (for L2 cache).
|  * A generally good value here is 128 bytes, so it is the default, to be
|  * on the safe side.
|  * However, different processors have different sizes, so below
|  * we try to match their values.
|  */
| #if defined(__cpu_x86)
|   /* Up to and including P6 cpus (Pentium Pro, Pentium II, Pentium III),
|    * the L1 & L2 line size is 32 bytes. All newer CPUs have cache lines
|    * of 64 bytes. Netbutst CPUs (Pentium 4, Pentium D, Pentium Extreme and
|    * some Xeons), in addition have a "sector" size of 128 bytes.
|    * #if __cpu_686_class == p6
|    *   #define CACHE_LINE 32
|    * #else
|    *   #define CACHE_LINE 64
|    * #endif
|    * All known Athlons have 64-byte cache lines.
|    */
|   #define CACHE_LINE 64
| #elif defined(__cpu_sparc)
|   /* UltraSparcs (v9) use L2 cache lines of 64 bytes, up to IIIi.
|    * IIIcu has line sizes 64 - 512 bytes (!) but anyways, they have
|    * the 64 bytes as "a unit of fill & coherency".
|    * IV ahs 64 - 128 bytes
|    * IV+ and T1 came back to 64-byte cache lines.
|    *
|    * So, 64 bytes should be ok.
|    */
|   #define CACHE_LINE 64
| #elif defined(__cpu_mips)
|    /* The specifications say that the R4000 has a variable size for
|     * its cache lines, between 4 and 32 words. MIPS 10000 (MIPS IV)
|     * has 16-32 words lines, and it is a 64-bit CPU, which means
|     * that it has lines of size 128-256 bytes.
|     * The following may need to be modified to 256(?).
|     */
|   #define CACHE_LINE 128
| #else
|   #define CACHE_LINE 128       /* A default value */
| #endif
| 
| 
| int main(int argc, char *argv) {
| 	FILE *fp;
| 
| 	if ((fp = fopen("conftestval", "w")) == NULL)
| 		exit(1);
| 	fprintf(fp, "%d\n", CACHE_LINE);
| 	fclose(fp);
| 
| 	/* die successfully */
| 	exit(0);
| }
| 
| #ifdef F77_DUMMY_MAIN
| 
| #  ifdef __cplusplus
|      extern "C"
| #  endif
|    int F77_DUMMY_MAIN() { return 1; }
| 
| #endif
| int
| main ()
| {
| 
|   ;
|   return 0;
| }
configure:5713: result: 128
configure:5734: using default cache line size (128 bytes) 
configure:5866: checking for MPI/C support
configure:5906: mpicc -o conftest -g -O2  -D_REENTRANT   -D_REENTRANT     -lpthread conftest.c  >&5
conftest.c:48:1: error: redefinition of 'main'
main ()
^
conftest.c:31:6: note: previous definition is here
        int main(int argc, char **argv) {
            ^
1 error generated.
configure:5906: $? = 1
configure: failed program was:
| /* confdefs.h */
| #define PACKAGE_NAME "Torc-Lite"
| #define PACKAGE_TARNAME "Torc-Lite"
| #define PACKAGE_VERSION "0.1a"
| #define PACKAGE_STRING "Torc-Lite 0.1a"
| #define PACKAGE_BUGREPORT ""
| #define PACKAGE_URL ""
| #define PACKAGE "Torc-Lite"
| #define VERSION "0.1a"
| #define F77_FUNC(name,NAME) name ## _
| #define F77_FUNC_(name,NAME) name ## _
| #define STDC_HEADERS 1
| #define HAVE_SYS_TYPES_H 1
| #define HAVE_SYS_STAT_H 1
| #define HAVE_STDLIB_H 1
| #define HAVE_STRING_H 1
| #define HAVE_MEMORY_H 1
| #define HAVE_STRINGS_H 1
| #define HAVE_INTTYPES_H 1
| #define HAVE_STDINT_H 1
| #define HAVE_UNISTD_H 1
| #define HAVE_PTHREAD_H 1
| #define HAVE_SCHED_YIELD 1
| #define CACHE_LINE_SIZE 128
| #define TORC_STATS /**/
| /* end confdefs.h.  */
| 
| 
| 	#include <stdio.h>
| 	#include <mpi.h>
| 	int main(int argc, char **argv) {
| 		printf("hello\n");
| 		MPI_Init(&argc, &argv);
| 		MPI_Finalize();
| 		return 0;
| 	}
| 
| 
| #ifdef F77_DUMMY_MAIN
| 
| #  ifdef __cplusplus
|      extern "C"
| #  endif
|    int F77_DUMMY_MAIN() { return 1; }
| 
| #endif
| int
| main ()
| {
| 
|   ;
|   return 0;
| }
| 
configure:5926: result: no
configure:6042: checking that generated files are newer than configure
configure:6048: result: done
configure:6075: creating ./config.status

## ---------------------- ##
## Running config.status. ##
## ---------------------- ##

This file was extended by Torc-Lite config.status 0.1a, which was
generated by GNU Autoconf 2.69.  Invocation command line was

  CONFIG_FILES    = 
  CONFIG_HEADERS  = 
  CONFIG_LINKS    = 
  CONFIG_COMMANDS = 
  $ ./config.status 

on Jana-2.local

config.status:891: creating Makefile
config.status:891: creating src/Makefile
config.status:891: creating scripts/Makefile
config.status:891: creating demo/Makefile
config.status:891: creating include/torc_config.h
config.status:1072: include/torc_config.h is unchanged
config.status:1120: executing depfiles commands

## ---------------- ##
## Cache variables. ##
## ---------------- ##

ac_cv_build=x86_64-apple-darwin14.5.0
ac_cv_c_compiler_gnu=yes
ac_cv_env_CCASFLAGS_set=
ac_cv_env_CCASFLAGS_value=
ac_cv_env_CCAS_set=
ac_cv_env_CCAS_value=
ac_cv_env_CC_set=set
ac_cv_env_CC_value=mpicc
ac_cv_env_CFLAGS_set=
ac_cv_env_CFLAGS_value=
ac_cv_env_CPPFLAGS_set=
ac_cv_env_CPPFLAGS_value=
ac_cv_env_CPP_set=
ac_cv_env_CPP_value=
ac_cv_env_F77_set=
ac_cv_env_F77_value=
ac_cv_env_FFLAGS_set=
ac_cv_env_FFLAGS_value=
ac_cv_env_LDFLAGS_set=
ac_cv_env_LDFLAGS_value=
ac_cv_env_LIBS_set=
ac_cv_env_LIBS_value=
ac_cv_env_build_alias_set=
ac_cv_env_build_alias_value=
ac_cv_env_host_alias_set=
ac_cv_env_host_alias_value=
ac_cv_env_target_alias_set=
ac_cv_env_target_alias_value=
ac_cv_f77_compiler_gnu=yes
ac_cv_f77_dummy_main=none
ac_cv_f77_libs=' -L/opt/local/lib -L/opt/local/lib/openmpi-mp -L/opt/local/lib/gcc48/gcc/x86_64-apple-darwin14/4.8.5 -L/opt/local/lib/gcc48/gcc/x86_64-apple-darwin14/4.8.5/../../.. -lmpi_usempi -lmpi_mpifh -lmpi -lgfortran -lquadmath -lm'
ac_cv_f77_mangling='lower case, underscore, no extra underscore'
ac_cv_fortran_dummy_main=none
ac_cv_func_sched_yield=yes
ac_cv_header_inttypes_h=yes
ac_cv_header_memory_h=yes
ac_cv_header_pthread_h=yes
ac_cv_header_stdc=yes
ac_cv_header_stdint_h=yes
ac_cv_header_stdlib_h=yes
ac_cv_header_string_h=yes
ac_cv_header_strings_h=yes
ac_cv_header_sys_stat_h=yes
ac_cv_header_sys_types_h=yes
ac_cv_header_unistd_h=yes
ac_cv_host=x86_64-apple-darwin14.5.0
ac_cv_objext=o
ac_cv_path_EGREP='/usr/bin/grep -E'
ac_cv_path_GREP=/usr/bin/grep
ac_cv_path_install='/usr/bin/install -c'
ac_cv_prog_AWK=awk
ac_cv_prog_CPP='mpicc -E'
ac_cv_prog_ac_ct_F77=mpif90
ac_cv_prog_ac_ct_RANLIB=ranlib
ac_cv_prog_cc_c89=
ac_cv_prog_cc_g=yes
ac_cv_prog_f77_g=yes
ac_cv_prog_f77_v=-v
ac_cv_prog_make_make_set=yes
ac_cv_target=x86_64-apple-darwin14.5.0
am_cv_CCAS_dependencies_compiler_type=gcc3
am_cv_CC_dependencies_compiler_type=gcc3
am_cv_make_support_nested_variables=yes

## ----------------- ##
## Output variables. ##
## ----------------- ##

ACLOCAL='${SHELL} "/Users/lipkova 1/WORK/GliomaSolver/tools/pi4u_lite/torc_lite/auxdir/missing" aclocal-1.13'
AMDEPBACKSLASH='\'
AMDEP_FALSE='#'
AMDEP_TRUE=''
AMTAR='$${TAR-tar}'
AM_BACKSLASH='\'
AM_DEFAULT_V='$(AM_DEFAULT_VERBOSITY)'
AM_DEFAULT_VERBOSITY='1'
AM_V='$(V)'
AUTOCONF='${SHELL} "/Users/lipkova 1/WORK/GliomaSolver/tools/pi4u_lite/torc_lite/auxdir/missing" autoconf'
AUTOHEADER='${SHELL} "/Users/lipkova 1/WORK/GliomaSolver/tools/pi4u_lite/torc_lite/auxdir/missing" autoheader'
AUTOMAKE='${SHELL} "/Users/lipkova 1/WORK/GliomaSolver/tools/pi4u_lite/torc_lite/auxdir/missing" automake-1.13'
AWK='awk'
CC='mpicc'
CCAS='mpicc'
CCASDEPMODE='depmode=gcc3'
CCASFLAGS='-g -O2'
CCDEPMODE='depmode=gcc3'
CFLAGS='-g -O2'
CPP='mpicc -E'
CPPFLAGS=' -D_REENTRANT   -D_REENTRANT  '
CYGPATH_W='echo'
DEBUG_FLAG=''
DEFS='-DHAVE_CONFIG_H'
DEPDIR='.deps'
ECHO_C='\c'
ECHO_N=''
ECHO_T=''
EGREP='/usr/bin/grep -E'
EXEEXT=''
F77='mpif90'
FFLAGS='-g -O2'
FLIBS=' -L/opt/local/lib -L/opt/local/lib/openmpi-mp -L/opt/local/lib/gcc48/gcc/x86_64-apple-darwin14/4.8.5 -L/opt/local/lib/gcc48/gcc/x86_64-apple-darwin14/4.8.5/../../.. -lmpi_usempi -lmpi_mpifh -lmpi -lgfortran -lquadmath -lm'
GREP='/usr/bin/grep'
INSTALL_DATA='${INSTALL} -m 644'
INSTALL_PROGRAM='${INSTALL}'
INSTALL_SCRIPT='${INSTALL}'
INSTALL_STRIP_PROGRAM='$(install_sh) -c -s'
LDFLAGS='  -lpthread'
LIBOBJS=''
LIBS=''
LTLIBOBJS=''
MAKEINFO='${SHELL} "/Users/lipkova 1/WORK/GliomaSolver/tools/pi4u_lite/torc_lite/auxdir/missing" makeinfo'
MKDIR_P='auxdir/install-sh -c -d'
MPICC=''
MPILIB=''
NNODES='64'
NVPS='64'
OBJEXT='o'
PACKAGE='Torc-Lite'
PACKAGE_BUGREPORT=''
PACKAGE_NAME='Torc-Lite'
PACKAGE_STRING='Torc-Lite 0.1a'
PACKAGE_TARNAME='Torc-Lite'
PACKAGE_URL=''
PACKAGE_VERSION='0.1a'
PATH_SEPARATOR=':'
RANLIB='ranlib'
SET_MAKE=''
SHELL='/bin/sh'
STRIP=''
VERSION='0.1a'
ac_ct_CC=''
ac_ct_F77='mpif90'
am__EXEEXT_FALSE=''
am__EXEEXT_TRUE='#'
am__fastdepCCAS_FALSE='#'
am__fastdepCCAS_TRUE=''
am__fastdepCC_FALSE='#'
am__fastdepCC_TRUE=''
am__include='include'
am__isrc=''
am__leading_dot='.'
am__nodep='_no'
am__quote=''
am__tar='$${TAR-tar} chof - "$$tardir"'
am__untar='$${TAR-tar} xf -'
bindir='${exec_prefix}/bin'
build='x86_64-apple-darwin14.5.0'
build_alias=''
build_cpu='x86_64'
build_os='darwin14.5.0'
build_vendor='apple'
datadir='${datarootdir}'
datarootdir='${prefix}/share'
docdir='${datarootdir}/doc/${PACKAGE_TARNAME}'
dvidir='${docdir}'
exec_prefix='${prefix}'
host='x86_64-apple-darwin14.5.0'
host_alias=''
host_cpu='x86_64'
host_os='darwin14.5.0'
host_vendor='apple'
htmldir='${docdir}'
includedir='${prefix}/include'
infodir='${datarootdir}/info'
install_sh='${SHELL} '\''/Users/lipkova 1/WORK/GliomaSolver/tools/pi4u_lite/torc_lite/auxdir/install-sh'\'''
libdir='${exec_prefix}/lib'
libexecdir='${exec_prefix}/libexec'
localedir='${datarootdir}/locale'
localstatedir='${prefix}/var'
mandir='${datarootdir}/man'
mkdir_p='$(MKDIR_P)'
oldincludedir='/usr/include'
pdfdir='${docdir}'
prefix='/Users/lipkova 1/usr/torc'
program_transform_name='s,x,x,'
psdir='${docdir}'
sbindir='${exec_prefix}/sbin'
sharedstatedir='${prefix}/com'
sysconfdir='${prefix}/etc'
target='x86_64-apple-darwin14.5.0'
target_alias=''
target_cpu='x86_64'
target_os='darwin14.5.0'
target_vendor='apple'

## ----------- ##
## confdefs.h. ##
## ----------- ##

/* confdefs.h */
#define PACKAGE_NAME "Torc-Lite"
#define PACKAGE_TARNAME "Torc-Lite"
#define PACKAGE_VERSION "0.1a"
#define PACKAGE_STRING "Torc-Lite 0.1a"
#define PACKAGE_BUGREPORT ""
#define PACKAGE_URL ""
#define PACKAGE "Torc-Lite"
#define VERSION "0.1a"
#define F77_FUNC(name,NAME) name ## _
#define F77_FUNC_(name,NAME) name ## _
#define STDC_HEADERS 1
#define HAVE_SYS_TYPES_H 1
#define HAVE_SYS_STAT_H 1
#define HAVE_STDLIB_H 1
#define HAVE_STRING_H 1
#define HAVE_MEMORY_H 1
#define HAVE_STRINGS_H 1
#define HAVE_INTTYPES_H 1
#define HAVE_STDINT_H 1
#define HAVE_UNISTD_H 1
#define HAVE_PTHREAD_H 1
#define HAVE_SCHED_YIELD 1
#define CACHE_LINE_SIZE 128
#define TORC_STATS /**/

configure: exit 0
